# JRE version: OpenJDK Runtime Environment (21.0.6) (build 21.0.6+-13355223-b631.42)
# Java VM: OpenJDK 64-Bit Server VM (21.0.6+-13355223-b631.42, mixed mode, tiered, compressed oops, compressed class ptrs, g1 gc, windows-amd64)
GC Precious Log:
 CardTable entry size: 512
 Card Set container configuration: InlinePtr #cards 5 size 8 Array Of Cards #cards 12 size 40 Howl #buckets 4 coarsen threshold 1843 Howl Bitmap #cards 512 size 80 coarsen threshold 460 Card regions per heap region 1 cards per card region 2048
 CPUs: 4 total, 4 available
 Memory: 8075M
 Large Page Support: Disabled
 NUMA Support: Disabled
 Compressed Oops: Enabled (32-bit)
 Heap Region Size: 1M
 Heap Min Capacity: 8M
 Heap Initial Capacity: 128M
 Heap Max Capacity: 2G
 Pre-touch: Disabled
 Parallel Workers: 4
 Concurrent Workers: 1
 Concurrent Refinement Workers: 4
 Periodic GC: Disabled
Heap:
 garbage-first heap   total 425984K, used 304639K [0x0000000080000000, 0x0000000100000000)
  region size 1024K, 11 young (11264K), 11 survivors (11264K)
 Metaspace       used 205533K, committed 207616K, reserved 1245184K
  class space    used 25973K, committed 27008K, reserved 1048576K
GC Heap History (20 events):
Event: 2332.851 GC heap after
{Heap after GC invocations=72 (full 0):
 garbage-first heap   total 355328K, used 219947K [0x0000000080000000, 0x0000000100000000)
  region size 1024K, 3 young (3072K), 3 survivors (3072K)
 Metaspace       used 157072K, committed 158656K, reserved 1245184K
  class space    used 20899K, committed 21696K, reserved 1048576K
}
Event: 2335.070 GC heap before
{Heap before GC invocations=72 (full 0):
 garbage-first heap   total 355328K, used 298795K [0x0000000080000000, 0x0000000100000000)
  region size 1024K, 80 young (81920K), 3 survivors (3072K)
 Metaspace       used 160892K, committed 162304K, reserved 1245184K
  class space    used 21373K, committed 22080K, reserved 1048576K
}
Event: 2335.212 GC heap after
{Heap after GC invocations=73 (full 0):
 garbage-first heap   total 425984K, used 234495K [0x0000000080000000, 0x0000000100000000)
  region size 1024K, 10 young (10240K), 10 survivors (10240K)
 Metaspace       used 160892K, committed 162304K, reserved 1245184K
  class space    used 21373K, committed 22080K, reserved 1048576K
}
Event: 2335.695 GC heap before
{Heap before GC invocations=73 (full 0):
 garbage-first heap   total 425984K, used 251903K [0x0000000080000000, 0x0000000100000000)
  region size 1024K, 20 young (20480K), 10 survivors (10240K)
 Metaspace       used 161692K, committed 163072K, reserved 1245184K
  class space    used 21456K, committed 22144K, reserved 1048576K
}
Event: 2335.848 GC heap after
{Heap after GC invocations=74 (full 0):
 garbage-first heap   total 425984K, used 241480K [0x0000000080000000, 0x0000000100000000)
  region size 1024K, 2 young (2048K), 2 survivors (2048K)
 Metaspace       used 161692K, committed 163072K, reserved 1245184K
  class space    used 21456K, committed 22144K, reserved 1048576K
}
Event: 2340.082 GC heap before
{Heap before GC invocations=74 (full 0):
 garbage-first heap   total 425984K, used 322376K [0x0000000080000000, 0x0000000100000000)
  region size 1024K, 82 young (83968K), 2 survivors (2048K)
 Metaspace       used 170447K, committed 172352K, reserved 1245184K
  class space    used 22405K, committed 23360K, reserved 1048576K
}
Event: 2340.174 GC heap after
{Heap after GC invocations=75 (full 0):
 garbage-first heap   total 425984K, used 247042K [0x0000000080000000, 0x0000000100000000)
  region size 1024K, 8 young (8192K), 8 survivors (8192K)
 Metaspace       used 170447K, committed 172352K, reserved 1245184K
  class space    used 22405K, committed 23360K, reserved 1048576K
}
Event: 2344.128 GC heap before
{Heap before GC invocations=75 (full 0):
 garbage-first heap   total 425984K, used 297218K [0x0000000080000000, 0x0000000100000000)
  region size 1024K, 58 young (59392K), 8 survivors (8192K)
 Metaspace       used 177450K, committed 179328K, reserved 1245184K
  class space    used 23280K, committed 24192K, reserved 1048576K
}
Event: 2344.183 GC heap after
{Heap after GC invocations=76 (full 0):
 garbage-first heap   total 425984K, used 250879K [0x0000000080000000, 0x0000000100000000)
  region size 1024K, 12 young (12288K), 12 survivors (12288K)
 Metaspace       used 177450K, committed 179328K, reserved 1245184K
  class space    used 23280K, committed 24192K, reserved 1048576K
}
Event: 2347.933 GC heap before
{Heap before GC invocations=77 (full 0):
 garbage-first heap   total 425984K, used 318463K [0x0000000080000000, 0x0000000100000000)
  region size 1024K, 79 young (80896K), 12 survivors (12288K)
 Metaspace       used 180080K, committed 181952K, reserved 1245184K
  class space    used 23605K, committed 24512K, reserved 1048576K
}
Event: 2348.015 GC heap after
{Heap after GC invocations=78 (full 0):
 garbage-first heap   total 425984K, used 253879K [0x0000000080000000, 0x0000000100000000)
  region size 1024K, 9 young (9216K), 9 survivors (9216K)
 Metaspace       used 180080K, committed 181952K, reserved 1245184K
  class space    used 23605K, committed 24512K, reserved 1048576K
}
Event: 2355.650 GC heap before
{Heap before GC invocations=78 (full 0):
 garbage-first heap   total 425984K, used 372663K [0x0000000080000000, 0x0000000100000000)
  region size 1024K, 126 young (129024K), 9 survivors (9216K)
 Metaspace       used 189881K, committed 191872K, reserved 1245184K
  class space    used 24509K, committed 25472K, reserved 1048576K
}
Event: 2355.726 GC heap after
{Heap after GC invocations=79 (full 0):
 garbage-first heap   total 425984K, used 247077K [0x0000000080000000, 0x0000000100000000)
  region size 1024K, 16 young (16384K), 16 survivors (16384K)
 Metaspace       used 189881K, committed 191872K, reserved 1245184K
  class space    used 24509K, committed 25472K, reserved 1048576K
}
Event: 2363.573 GC heap before
{Heap before GC invocations=79 (full 0):
 garbage-first heap   total 425984K, used 370981K [0x0000000080000000, 0x0000000100000000)
  region size 1024K, 138 young (141312K), 16 survivors (16384K)
 Metaspace       used 205035K, committed 207104K, reserved 1245184K
  class space    used 25963K, committed 27008K, reserved 1048576K
}
Event: 2363.631 GC heap after
{Heap after GC invocations=80 (full 0):
 garbage-first heap   total 425984K, used 246271K [0x0000000080000000, 0x0000000100000000)
  region size 1024K, 6 young (6144K), 6 survivors (6144K)
 Metaspace       used 205035K, committed 207104K, reserved 1245184K
  class space    used 25963K, committed 27008K, reserved 1048576K
}
Event: 2697.432 GC heap before
{Heap before GC invocations=81 (full 0):
 garbage-first heap   total 425984K, used 389631K [0x0000000080000000, 0x0000000100000000)
  region size 1024K, 146 young (149504K), 6 survivors (6144K)
 Metaspace       used 205358K, committed 207424K, reserved 1245184K
  class space    used 25968K, committed 27008K, reserved 1048576K
}
Event: 2697.589 GC heap after
{Heap after GC invocations=82 (full 0):
 garbage-first heap   total 425984K, used 257535K [0x0000000080000000, 0x0000000100000000)
  region size 1024K, 17 young (17408K), 17 survivors (17408K)
 Metaspace       used 205358K, committed 207424K, reserved 1245184K
  class space    used 25968K, committed 27008K, reserved 1048576K
}
Event: 2701.076 GC heap before
{Heap before GC invocations=82 (full 0):
 garbage-first heap   total 425984K, used 364031K [0x0000000080000000, 0x0000000100000000)
  region size 1024K, 105 young (107520K), 17 survivors (17408K)
 Metaspace       used 205483K, committed 207552K, reserved 1245184K
  class space    used 25973K, committed 27008K, reserved 1048576K
}
Event: 2701.205 GC heap after
{Heap after GC invocations=83 (full 0):
 garbage-first heap   total 425984K, used 279039K [0x0000000080000000, 0x0000000100000000)
  region size 1024K, 14 young (14336K), 14 survivors (14336K)
 Metaspace       used 205483K, committed 207552K, reserved 1245184K
  class space    used 25973K, committed 27008K, reserved 1048576K
}
Event: 2702.830 GC heap before
{Heap before GC invocations=83 (full 0):
 garbage-first heap   total 425984K, used 360959K [0x0000000080000000, 0x0000000100000000)
  region size 1024K, 86 young (88064K), 14 survivors (14336K)
 Metaspace       used 205533K, committed 207616K, reserved 1245184K
  class space    used 25973K, committed 27008K, reserved 1048576K
}

